Initialize engine version: 2021.3.24f1 (cf10dcf7010d)
[Subsystems] Discovering subsystems at path G:/Big.Ambitions.v0.3.Build.2049/Big Ambitions/Big Ambitions_Data/UnitySubsystems
GfxDevice: creating device client; threaded=1; jobified=1
Direct3D:
    Version:  Direct3D 11.0 [level 11.1]
    Renderer: NVIDIA GeForce GTX 1080 (ID=0x1b80)
    Vendor:   NVIDIA
    VRAM:     8059 MB
    Driver:   31.0.15.5186
<RI> Initializing input.
New input system (experimental) initialized
Using XInput
<RI> Input initialized.
<RI> Initialized touch support.
UnloadTime: 1.213200 ms
Odin Serializer ArchitectureInfo initialization with defaults (all unaligned read/writes disabled).
UnityEngine.Logger:Log(LogType, Object)
UnityEngine.Debug:Log(Object)
OdinSerializer.UnitySerializationInitializer:Initialize()

Odin Serializer detected whitelisted runtime platform WindowsPlayer and memory read test succeeded; enabling all unaligned memory read/writes.
UnityEngine.Logger:Log(LogType, Object)
UnityEngine.Debug:Log(Object)
OdinSerializer.ArchitectureInfo:SetRuntimePlatform(RuntimePlatform)
OdinSerializer.UnitySerializationInitializer:Initialize()

Steam User Stats Recieved!
UnityEngine.Logger:Log(LogType, Object)
UnityEngine.Debug:Log(Object)
SteamAPI:OnUserStatsReceived(SteamId, Result)
System.Action`1:Invoke(T)
Steamworks.<>c__DisplayClass29_0`1:<Install>b__0(IntPtr)
Steamworks.Dispatch:ProcessCallback(CallbackMsg_t, Boolean)
Steamworks.Dispatch:Frame(HSteamPipe)
Steamworks.<LoopClientAsync>d__22:MoveNext()
System.Runtime.CompilerServices.AsyncVoidMethodBuilder:Start(TStateMachine&)
Steamworks.SteamClient:Init(UInt32, Boolean)
SteamAPI:InitSteam(UInt32)
SteamAPI:Awake()
UnityEngine.GameObject:AddComponent()
Singleton`1:get_Instance()
MainMenuController:Awake()

Init Steam with: 1331550
UnityEngine.Logger:Log(LogType, Object)
UnityEngine.Debug:Log(Object)
SteamAPI:InitSteam(UInt32)
SteamAPI:Awake()
UnityEngine.GameObject:AddComponent()
Singleton`1:get_Instance()
MainMenuController:Awake()

Unloading 5 Unused Serialized files (Serialized files now loaded: 0)
Loaded EA 0.3 (Build 2049)
UnityEngine.Logger:Log(LogType, Object)
UnityEngine.Debug:Log(Object)
MainMenuController:Start()

Steam User Stats Recieved!
UnityEngine.Logger:Log(LogType, Object)
UnityEngine.Debug:Log(Object)
SteamAPI:OnUserStatsReceived(SteamId, Result)
System.Action`1:Invoke(T)
Steamworks.<>c__DisplayClass29_0`1:<Install>b__0(IntPtr)
Steamworks.Dispatch:ProcessCallback(CallbackMsg_t, Boolean)
Steamworks.Dispatch:Frame(HSteamPipe)

Setting up 10 worker threads for Enlighten.
Unloading 29051 unused Assets to reduce memory usage. Loaded Objects now: 17800.
Total: 104.778700 ms (FindLiveObjects: 5.849200 ms CreateObjectMapping: 3.444900 ms MarkObjects: 6.204200 ms  DeleteObjects: 89.272300 ms)

Memory Statistics:
[ALLOC_TEMP_TLS] TLS Allocator
  StackAllocators : 
    [ALLOC_TEMP_MAIN]
      Peak usage frame count: [4.0 KB-8.0 KB]: 1332 frames, [16.0 KB-32.0 KB]: 3 frames, [32.0 KB-64.0 KB]: 1 frames, [4.0 MB-8.0 MB]: 2 frames
      Initial Block Size 4.0 MB
      Current Block Size 7.7 MB
      Peak Allocated Bytes 7.7 MB
      Overflow Count 8
    [ALLOC_TEMP_Job.Worker 18]
      Initial Block Size 256.0 KB
      Current Block Size 256.0 KB
      Peak Allocated Bytes 22.5 KB
      Overflow Count 0
    [ALLOC_TEMP_Loading.PreloadManager]
      Initial Block Size 256.0 KB
      Current Block Size 0.5 MB
      Peak Allocated Bytes 322.1 KB
      Overflow Count 53
    [ALLOC_TEMP_Background Job.Worker 8]
      Initial Block Size 32.0 KB
      Current Block Size 32.0 KB
      Peak Allocated Bytes 54 B
      Overflow Count 0
    [ALLOC_TEMP_Background Job.Worker 10]
      Initial Block Size 32.0 KB
      Current Block Size 32.0 KB
      Peak Allocated Bytes 175 B
      Overflow Count 0
    [ALLOC_TEMP_Job.Worker 16]
      Initial Block Size 256.0 KB
      Current Block Size 256.0 KB
      Peak Allocated Bytes 22.5 KB
      Overflow Count 0
    [ALLOC_TEMP_Background Job.Worker 6]
      Initial Block Size 32.0 KB
      Current Block Size 32.0 KB
      Peak Allocated Bytes 175 B
      Overflow Count 0
    [ALLOC_TEMP_Job.Worker 4]
      Initial Block Size 256.0 KB
      Current Block Size 256.0 KB
      Peak Allocated Bytes 23.0 KB
      Overflow Count 0
    [ALLOC_TEMP_Job.Worker 14]
      Initial Block Size 256.0 KB
      Current Block Size 256.0 KB
      Peak Allocated Bytes 22.5 KB
      Overflow Count 0
    [ALLOC_TEMP_Job.Worker 17]
      Initial Block Size 256.0 KB
      Current Block Size 256.0 KB
      Peak Allocated Bytes 22.5 KB
      Overflow Count 0
    [ALLOC_TEMP_Job.Worker 3]
      Initial Block Size 256.0 KB
      Current Block Size 256.0 KB
      Peak Allocated Bytes 22.5 KB
      Overflow Count 0
    [ALLOC_TEMP_Background Job.Worker 12]
      Initial Block Size 32.0 KB
      Current Block Size 32.0 KB
      Peak Allocated Bytes 54 B
      Overflow Count 0
    [ALLOC_TEMP_Background Job.Worker 1]
      Initial Block Size 32.0 KB
      Current Block Size 32.0 KB
      Peak Allocated Bytes 3.5 KB
      Overflow Count 0
    [ALLOC_TEMP_AssetGarbageCollectorHelper] x 19
      Initial Block Size 64.0 KB
      Current Block Size 64.0 KB
      Peak Allocated Bytes 0 B
      Overflow Count 0
    [ALLOC_TEMP_Background Job.Worker 5]
      Initial Block Size 32.0 KB
      Current Block Size 32.0 KB
      Peak Allocated Bytes 3.5 KB
      Overflow Count 0
    [ALLOC_TEMP_Background Job.Worker 13]
      Initial Block Size 32.0 KB
      Current Block Size 32.0 KB
      Peak Allocated Bytes 175 B
      Overflow Count 0
    [ALLOC_TEMP_Background Job.Worker 11]
      Initial Block Size 32.0 KB
      Current Block Size 32.0 KB
      Peak Allocated Bytes 54 B
      Overflow Count 0
    [ALLOC_TEMP_Job.Worker 2]
      Initial Block Size 256.0 KB
      Current Block Size 256.0 KB
      Peak Allocated Bytes 192 B
      Overflow Count 0
    [ALLOC_TEMP_Background Job.Worker 3]
      Initial Block Size 32.0 KB
      Current Block Size 32.0 KB
      Peak Allocated Bytes 54 B
      Overflow Count 0
    [ALLOC_TEMP_Background Job.Worker 0]
      Initial Block Size 32.0 KB
      Current Block Size 32.0 KB
      Peak Allocated Bytes 2.6 KB
      Overflow Count 0
    [ALLOC_TEMP_HIDInput]
      Initial Block Size 64.0 KB
      Current Block Size 64.0 KB
      Peak Allocated Bytes 10.8 KB
      Overflow Count 0
    [ALLOC_TEMP_Job.Worker 11]
      Initial Block Size 256.0 KB
      Current Block Size 256.0 KB
      Peak Allocated Bytes 0.8 KB
      Overflow Count 0
    [ALLOC_TEMP_Background Job.Worker 4]
      Initial Block Size 32.0 KB
      Current Block Size 32.0 KB
      Peak Allocated Bytes 54 B
      Overflow Count 0
    [ALLOC_TEMP_BatchDeleteObjects]
      Initial Block Size 64.0 KB
      Current Block Size 64.0 KB
      Peak Allocated Bytes 54 B
      Overflow Count 0
    [ALLOC_TEMP_Job.Worker 6]
      Initial Block Size 256.0 KB
      Current Block Size 256.0 KB
      Peak Allocated Bytes 192 B
      Overflow Count 0
    [ALLOC_TEMP_Job.Worker 0]
      Initial Block Size 256.0 KB
      Current Block Size 256.0 KB
      Peak Allocated Bytes 192 B
      Overflow Count 0
    [ALLOC_TEMP_Background Job.Worker 9]
      Initial Block Size 32.0 KB
      Current Block Size 32.0 KB
      Peak Allocated Bytes 175 B
      Overflow Count 0
    [ALLOC_TEMP_Job.Worker 5]
      Initial Block Size 256.0 KB
      Current Block Size 256.0 KB
      Peak Allocated Bytes 192 B
      Overflow Count 0
    [ALLOC_TEMP_Background Job.Worker 14]
      Initial Block Size 32.0 KB
      Current Block Size 32.0 KB
      Peak Allocated Bytes 54 B
      Overflow Count 0
    [ALLOC_TEMP_Job.Worker 13]
      Initial Block Size 256.0 KB
      Current Block Size 256.0 KB
      Peak Allocated Bytes 192 B
      Overflow Count 0
    [ALLOC_TEMP_EnlightenWorker] x 10
      Initial Block Size 64.0 KB
      Current Block Size 64.0 KB
      Peak Allocated Bytes 54 B
      Overflow Count 0
    [ALLOC_TEMP_Background Job.Worker 15]
      Initial Block Size 32.0 KB
      Current Block Size 32.0 KB
      Peak Allocated Bytes 54 B
      Overflow Count 0
    [ALLOC_TEMP_Background Job.Worker 2]
      Initial Block Size 32.0 KB
      Current Block Size 32.0 KB
      Peak Allocated Bytes 54 B
      Overflow Count 0
    [ALLOC_TEMP_Background Job.Worker 7]
      Initial Block Size 32.0 KB
      Current Block Size 32.0 KB
      Peak Allocated Bytes 54 B
      Overflow Count 0
    [ALLOC_TEMP_UnityGfxDeviceWorker]
      Initial Block Size 256.0 KB
      Current Block Size 256.0 KB
      Peak Allocated Bytes 25.5 KB
      Overflow Count 0
    [ALLOC_TEMP_Job.Worker 9]
      Initial Block Size 256.0 KB
      Current Block Size 256.0 KB
      Peak Allocated Bytes 23.0 KB
      Overflow Count 0
    [ALLOC_TEMP_Job.Worker 8]
      Initial Block Size 256.0 KB
      Current Block Size 256.0 KB
      Peak Allocated Bytes 0.7 KB
      Overflow Count 0
    [ALLOC_TEMP_Job.Worker 7]
      Initial Block Size 256.0 KB
      Current Block Size 256.0 KB
      Peak Allocated Bytes 192 B
      Overflow Count 0
    [ALLOC_TEMP_Job.Worker 1]
      Initial Block Size 256.0 KB
      Current Block Size 256.0 KB
      Peak Allocated Bytes 22.5 KB
      Overflow Count 0
    [ALLOC_TEMP_Job.Worker 10]
      Initial Block Size 256.0 KB
      Current Block Size 256.0 KB
      Peak Allocated Bytes 22.5 KB
      Overflow Count 0
    [ALLOC_TEMP_Job.Worker 15]
      Initial Block Size 256.0 KB
      Current Block Size 256.0 KB
      Peak Allocated Bytes 192 B
      Overflow Count 0
    [ALLOC_TEMP_Job.Worker 12]
      Initial Block Size 256.0 KB
      Current Block Size 256.0 KB
      Peak Allocated Bytes 22.5 KB
      Overflow Count 0
    [ALLOC_TEMP_Loading.AsyncRead]
      Initial Block Size 64.0 KB
      Current Block Size 64.0 KB
      Peak Allocated Bytes 291 B
      Overflow Count 0
[ALLOC_DEFAULT] Dual Thread Allocator
  Peak main deferred allocation count 32040
    [ALLOC_BUCKET]
      Large Block size 4.0 MB
      Used Block count 1
      Peak Allocated bytes 4.0 MB
      Failed Allocations. Bucket layout:
        16B: 41 Subsections = 41984 buckets. Failed count: 595243
        32B: 49 Subsections = 25088 buckets. Failed count: 340110
        48B: 35 Subsections = 11946 buckets. Failed count: 297883
        64B: 37 Subsections = 9472 buckets. Failed count: 71010
        80B: 45 Subsections = 9216 buckets. Failed count: 43460
        96B: 26 Subsections = 4437 buckets. Failed count: 91708
        112B: 11 Subsections = 1609 buckets. Failed count: 44618
        128B: 12 Subsections = 1536 buckets. Failed count: 32533
    [ALLOC_DEFAULT_MAIN]
      Peak usage frame count: [64.0 MB-128.0 MB]: 1335 frames, [128.0 MB-256.0 MB]: 2 frames, [256.0 MB-0.50 GB]: 1 frames
      Requested Block Size 16.0 MB
      Peak Block count 10
      Peak Allocated memory 264.0 MB
      Peak Large allocation bytes 250.8 MB
    [ALLOC_DEFAULT_THREAD]
      Peak usage frame count: [32.0 MB-64.0 MB]: 1338 frames
      Requested Block Size 16.0 MB
      Peak Block count 2
      Peak Allocated memory 56.7 MB
      Peak Large allocation bytes 41.0 MB
[ALLOC_TEMP_JOB_1_FRAME]
  Initial Block Size 2.0 MB
  Used Block Count 1
  Overflow Count (too large) 0
  Overflow Count (full) 0
[ALLOC_TEMP_JOB_2_FRAMES]
  Initial Block Size 2.0 MB
  Used Block Count 1
  Overflow Count (too large) 0
  Overflow Count (full) 0
[ALLOC_TEMP_JOB_4_FRAMES (JobTemp)]
  Initial Block Size 2.0 MB
  Used Block Count 2
  Overflow Count (too large) 7
  Overflow Count (full) 0
[ALLOC_TEMP_JOB_ASYNC (Background)]
  Initial Block Size 1.0 MB
  Used Block Count 7
  Overflow Count (too large) 3
  Overflow Count (full) 0
[ALLOC_GFX] Dual Thread Allocator
  Peak main deferred allocation count 81
    [ALLOC_BUCKET]
      Large Block size 4.0 MB
      Used Block count 1
      Peak Allocated bytes 4.0 MB
      Failed Allocations. Bucket layout:
        16B: 41 Subsections = 41984 buckets. Failed count: 595243
        32B: 49 Subsections = 25088 buckets. Failed count: 340110
        48B: 35 Subsections = 11946 buckets. Failed count: 297883
        64B: 37 Subsections = 9472 buckets. Failed count: 71010
        80B: 45 Subsections = 9216 buckets. Failed count: 43460
        96B: 26 Subsections = 4437 buckets. Failed count: 91708
        112B: 11 Subsections = 1609 buckets. Failed count: 44618
        128B: 12 Subsections = 1536 buckets. Failed count: 32533
    [ALLOC_GFX_MAIN]
      Peak usage frame count: [16.0 MB-32.0 MB]: 1338 frames
      Requested Block Size 16.0 MB
      Peak Block count 2
      Peak Allocated memory 23.5 MB
      Peak Large allocation bytes 0 B
    [ALLOC_GFX_THREAD]
      Peak usage frame count: [16.0 MB-32.0 MB]: 1338 frames
      Requested Block Size 16.0 MB
      Peak Block count 2
      Peak Allocated memory 31.3 MB
      Peak Large allocation bytes 0 B
[ALLOC_CACHEOBJECTS] Dual Thread Allocator
  Peak main deferred allocation count 158422
    [ALLOC_BUCKET]
      Large Block size 4.0 MB
      Used Block count 1
      Peak Allocated bytes 4.0 MB
      Failed Allocations. Bucket layout:
        16B: 41 Subsections = 41984 buckets. Failed count: 595243
        32B: 49 Subsections = 25088 buckets. Failed count: 340110
        48B: 35 Subsections = 11946 buckets. Failed count: 297883
        64B: 37 Subsections = 9472 buckets. Failed count: 71010
        80B: 45 Subsections = 9216 buckets. Failed count: 43460
        96B: 26 Subsections = 4437 buckets. Failed count: 91708
        112B: 11 Subsections = 1609 buckets. Failed count: 44618
        128B: 12 Subsections = 1536 buckets. Failed count: 32533
    [ALLOC_CACHEOBJECTS_MAIN]
      Peak usage frame count: [256.0 MB-0.50 GB]: 1336 frames, [0.50 GB-1.00 GB]: 1 frames, [1.00 GB-2.00 GB]: 1 frames
      Requested Block Size 4.0 MB
      Peak Block count 248
      Peak Allocated memory 1.07 GB
      Peak Large allocation bytes 0.56 GB
    [ALLOC_CACHEOBJECTS_THREAD]
      Peak usage frame count: [64.0 MB-128.0 MB]: 1337 frames, [128.0 MB-256.0 MB]: 1 frames
      Requested Block Size 4.0 MB
      Peak Block count 20
      Peak Allocated memory 189.0 MB
      Peak Large allocation bytes 112.9 MB
[ALLOC_TYPETREE] Dual Thread Allocator
  Peak main deferred allocation count 0
    [ALLOC_BUCKET]
      Large Block size 4.0 MB
      Used Block count 1
      Peak Allocated bytes 4.0 MB
      Failed Allocations. Bucket layout:
        16B: 41 Subsections = 41984 buckets. Failed count: 595243
        32B: 49 Subsections = 25088 buckets. Failed count: 340110
        48B: 35 Subsections = 11946 buckets. Failed count: 297883
        64B: 37 Subsections = 9472 buckets. Failed count: 71010
        80B: 45 Subsections = 9216 buckets. Failed count: 43460
        96B: 26 Subsections = 4437 buckets. Failed count: 91708
        112B: 11 Subsections = 1609 buckets. Failed count: 44618
        128B: 12 Subsections = 1536 buckets. Failed count: 32533
    [ALLOC_TYPETREE_MAIN]
      Peak usage frame count: [32.0 KB-64.0 KB]: 1338 frames
      Requested Block Size 2.0 MB
      Peak Block count 1
      Peak Allocated memory 63.3 KB
      Peak Large allocation bytes 0 B
    [ALLOC_TYPETREE_THREAD]
      Peak usage frame count: [16.0 KB-32.0 KB]: 1336 frames, [32.0 KB-64.0 KB]: 2 frames
      Requested Block Size 2.0 MB
      Peak Block count 1
      Peak Allocated memory 41.8 KB
      Peak Large allocation bytes 0 B
