[Physics::Module] Initialized MultithreadedJobDispatcher with {0} workers.
Initialize engine version: 2021.3.30f1 (b4360d7cdac4)
[Subsystems] Discovering subsystems at path G:/Big.Ambitions.v0.5.Build.2450/Big Ambitions/Big Ambitions_Data/UnitySubsystems
GfxDevice: creating device client; threaded=1; jobified=1
Direct3D:
    Version:  Direct3D 11.0 [level 11.1]
    Renderer: NVIDIA GeForce GTX 1080 (ID=0x1b80)
    Vendor:   NVIDIA
    VRAM:     8059 MB
    Driver:   31.0.15.5222
<RI> Initializing input.
New input system (experimental) initialized
Using XInput
<RI> Input initialized.
<RI> Initialized touch support.
UnloadTime: 36.340000 ms
Odin Serializer ArchitectureInfo initialization with defaults (all unaligned read/writes disabled).
UnityEngine.DebugLogHandler:LogFormat(LogType, Object, String, Object[])
UnityEngine.Logger:Log(LogType, Object)
UnityEngine.Debug:Log(Object)
OdinSerializer.UnitySerializationInitializer:Initialize()

Odin Serializer detected whitelisted runtime platform WindowsPlayer and memory read test succeeded; enabling all unaligned memory read/writes.
UnityEngine.DebugLogHandler:LogFormat(LogType, Object, String, Object[])
UnityEngine.Logger:Log(LogType, Object)
UnityEngine.Debug:Log(Object)
OdinSerializer.ArchitectureInfo:SetRuntimePlatform(RuntimePlatform)
OdinSerializer.UnitySerializationInitializer:Initialize()

System.DllNotFoundException: Unable to load DLL 'steam_api'. Tried the load the following dynamic libraries: Unable to load dynamic library 'steam_api' because of 'Failed to open the requested dynamic library (0x06000000) - 找不到指定的模块。  (WinError:0000007e)
  at SteamAPI.InitSteam (System.UInt32 id) [0x00000] in <00000000000000000000000000000000>:0 
  at SteamAPI.Awake () [0x00000] in <00000000000000000000000000000000>:0 
  at UnityEngine.GameObject.AddComponent[T] () [0x00000] in <00000000000000000000000000000000>:0 
  at Singleton`1[T].get_Instance () [0x00000] in <00000000000000000000000000000000>:0 
  at MainMenuController.Awake () [0x00000] in <00000000000000000000000000000000>:0 
UnityEngine.DebugLogHandler:LogFormat(LogType, Object, String, Object[])
UnityEngine.Logger:Log(LogType, Object)
UnityEngine.Debug:Log(Object)
SteamAPI:InitSteam(UInt32)
SteamAPI:Awake()
UnityEngine.GameObject:AddComponent()
Singleton`1:get_Instance()
MainMenuController:Awake()

Unloading 5 Unused Serialized files (Serialized files now loaded: 0)
Loaded EA 0.5 (Build 2450)
UnityEngine.DebugLogHandler:LogFormat(LogType, Object, String, Object[])
UnityEngine.Logger:Log(LogType, Object)
UnityEngine.Debug:Log(Object)
MainMenuController:Start()

Setting up 5 worker threads for Enlighten.
Unloading 5 unused Assets to reduce memory usage. Loaded Objects now: 19569.
Total: 16.987700 ms (FindLiveObjects: 1.626500 ms CreateObjectMapping: 0.632700 ms MarkObjects: 14.650600 ms  DeleteObjects: 0.077400 ms)

Failed to create agent because there is no valid NavMesh
